        -:    0:Source:C:/Users/mdds2/OneDrive/Escritorio/UBA/Algo I/TPI/tpi-template-alumnos/template-alumnos/tests/perdioTEST.cpp
        -:    0:Graph:C:\Users\mdds2\OneDrive\Escritorio\UBA\Algo I\TPI\tpi-template-alumnos\template-alumnos\cmake-build-debug\CMakeFiles\tpi.dir\tests\perdioTEST.gcno
        -:    0:Data:C:\Users\mdds2\OneDrive\Escritorio\UBA\Algo I\TPI\tpi-template-alumnos\template-alumnos\cmake-build-debug\CMakeFiles\tpi.dir\tests\perdioTEST.gcda
        -:    0:Runs:1
        -:    1:// Tests para la función perdio.
        -:    2:// Ver el archovo README.md para ayuda
        -:    3:
        -:    4:#include "../ejercicios.h"
        -:    5:#include "../auxiliares.h"
        -:    6:#include "gtest/gtest.h"
        -:    7:
        -:    8:using namespace std;
        -:    9:
        -:   10:// Tests para la función perdio.
        -:   11:// Ver el archovo README.md para ayuda
        -:   12:
        -:   13:#include "../ejercicios.h"
        -:   14:#include "../auxiliares.h"
        -:   15:#include "gtest/gtest.h"
        -:   16:
        -:   17:using namespace std;
        -:   18:// ┌───┬───┬───┬───┬───┐
        -:   19:// │ * │ * │ 2 │ 1 │ 1 │
        -:   20:// ├───┼───┼───┼───┼───┤
        -:   21:// │ 3 │ 3 │ 3 │ * │ 1 │
        -:   22:// ├───┼───┼───┼───┼───┤
        -:   23:// │ 1 │ * │ 2 │ 1 │ 1 │
        -:   24:// ├───┼───┼───┼───┼───┤
        -:   25:// │ 2 │ 3 │ 2 │ 1 │ 0 │
        -:   26:// ├───┼───┼───┼───┼───┤
        -:   27:// │ * │ 2 │ * │ 1 │ 0 │
        -:   28:// └───┴───┴───┴───┴───┘
        -:   29:tablero t_perdio = {
        -:   30:        { cMINA,  cMINA,  cVACIA, cVACIA, cVACIA },
        -:   31:        { cVACIA, cVACIA, cVACIA, cMINA,  cVACIA },
        -:   32:        { cVACIA, cMINA,  cVACIA, cVACIA, cVACIA },
        -:   33:        { cVACIA, cVACIA, cVACIA, cVACIA, cVACIA },
        -:   34:        { cMINA,  cVACIA, cMINA,  cVACIA, cVACIA },
        -:   35:};
        -:   36:jugadas jugadasNoValidas = {
        -:   37:        jugada(pos(0, 0), 1),jugada(pos(0, 1), 1),
        -:   38:        jugada(pos(1, 3), 0),jugada(pos(2, 1), 0),jugada(pos(4, 0), 0),
        -:   39:        jugada(pos(4, 2), 0)
        -:   40:};
        -:   41:
        -:   42:jugadas jugadasReValidas= {
        -:   43:        jugada(pos(2, 3), 1),jugada(pos(2, 4), 1),jugada(pos(3, 0), 2),jugada(pos(3, 1), 3),jugada(pos(3, 2), 2),jugada(pos(3, 3), 1),jugada(pos(3, 4), 0),
        -:   44:        jugada(pos(4, 1), 2),jugada(pos(4, 3), 1),jugada(pos(4, 4), 0),
        -:   45:
        -:   46:};
        2:   47:TEST(perdioTEST, noGano){
        1:   48:    jugadas j = jugadasNoValidas;
       1*:   49:    ASSERT_TRUE(perdio(t_perdio, j));
        1:   50:}
------------------
_ZN22perdioTEST_noGano_Test8TestBodyEv:
function _ZN22perdioTEST_noGano_Test8TestBodyEv called 1 returned 100% blocks executed 37%
        1:   47:TEST(perdioTEST, noGano){
        1:   48:    jugadas j = jugadasNoValidas;
        1:   48-block  0
call    0 returned 1
branch  1 taken 1 (fallthrough)
branch  2 taken 0 (throw)
       1*:   49:    ASSERT_TRUE(perdio(t_perdio, j));
        1:   49-block  0
call    0 returned 1
branch  1 taken 1 (fallthrough)
branch  2 taken 0 (throw)
        1:   49-block  1
call    3 returned 1
branch  4 taken 1 (fallthrough)
branch  5 taken 0 (throw)
        1:   49-block  2
call    6 returned 1
branch  7 taken 0 (fallthrough)
branch  8 taken 1
    %%%%%:   49-block  3
call    9 never executed
branch 10 never executed
branch 11 never executed
    %%%%%:   49-block  4
call   12 never executed
branch 13 never executed
branch 14 never executed
    %%%%%:   49-block  5
call   15 never executed
call   16 never executed
branch 17 never executed
branch 18 never executed
    %%%%%:   49-block  6
call   19 never executed
branch 20 never executed
branch 21 never executed
    %%%%%:   49-block  7
call   22 never executed
call   23 never executed
call   24 never executed
        1:   49-block  8
        1:   49-block  9
call   25 returned 1
branch 26 taken 1 (fallthrough)
branch 27 taken 0
    $$$$$:   49-block 10
    $$$$$:   49-block 11
call   28 never executed
    $$$$$:   49-block 12
    $$$$$:   49-block 13
call   29 never executed
    $$$$$:   49-block 14
    $$$$$:   49-block 15
call   30 never executed
    $$$$$:   49-block 16
    $$$$$:   49-block 17
call   31 never executed
        1:   50:}
        1:   50-block  0
        1:   50-block  1
call    0 returned 1
branch  1 taken 1 (fallthrough)
branch  2 taken 0
    $$$$$:   50-block  2
call    3 never executed
------------------
_ZN22perdioTEST_noGano_TestC1Ev:
function _ZN22perdioTEST_noGano_TestC1Ev called 1 returned 100% blocks executed 100%
        1:   47:TEST(perdioTEST, noGano){
        1:   47-block  0
call    0 returned 1
------------------
        -:   51:
        2:   52:TEST(perdioTEST, noPerdio){
        1:   53:    jugadas j= jugadasReValidas;
       1*:   54:    ASSERT_FALSE(perdio(t_perdio,j));
        1:   55:}
------------------
_ZN24perdioTEST_noPerdio_Test8TestBodyEv:
function _ZN24perdioTEST_noPerdio_Test8TestBodyEv called 1 returned 100% blocks executed 37%
        1:   52:TEST(perdioTEST, noPerdio){
        1:   53:    jugadas j= jugadasReValidas;
        1:   53-block  0
call    0 returned 1
branch  1 taken 1 (fallthrough)
branch  2 taken 0 (throw)
       1*:   54:    ASSERT_FALSE(perdio(t_perdio,j));
        1:   54-block  0
call    0 returned 1
branch  1 taken 1 (fallthrough)
branch  2 taken 0 (throw)
        1:   54-block  1
call    3 returned 1
branch  4 taken 1 (fallthrough)
branch  5 taken 0 (throw)
        1:   54-block  2
call    6 returned 1
branch  7 taken 0 (fallthrough)
branch  8 taken 1
    %%%%%:   54-block  3
call    9 never executed
branch 10 never executed
branch 11 never executed
    %%%%%:   54-block  4
call   12 never executed
branch 13 never executed
branch 14 never executed
    %%%%%:   54-block  5
call   15 never executed
call   16 never executed
branch 17 never executed
branch 18 never executed
    %%%%%:   54-block  6
call   19 never executed
branch 20 never executed
branch 21 never executed
    %%%%%:   54-block  7
call   22 never executed
call   23 never executed
call   24 never executed
        1:   54-block  8
        1:   54-block  9
call   25 returned 1
branch 26 taken 1 (fallthrough)
branch 27 taken 0
    $$$$$:   54-block 10
    $$$$$:   54-block 11
call   28 never executed
    $$$$$:   54-block 12
    $$$$$:   54-block 13
call   29 never executed
    $$$$$:   54-block 14
    $$$$$:   54-block 15
call   30 never executed
    $$$$$:   54-block 16
    $$$$$:   54-block 17
call   31 never executed
        1:   55:}
        1:   55-block  0
        1:   55-block  1
call    0 returned 1
branch  1 taken 1 (fallthrough)
branch  2 taken 0
    $$$$$:   55-block  2
call    3 never executed
------------------
_ZN24perdioTEST_noPerdio_TestC1Ev:
function _ZN24perdioTEST_noPerdio_TestC1Ev called 1 returned 100% blocks executed 100%
        1:   52:TEST(perdioTEST, noPerdio){
        1:   52-block  0
call    0 returned 1
------------------
        -:   56:
        -:   57:// ┌───┬───┬───┬───┬───┐
        -:   58:// │ 1 │ 2 │ 2 │ 1 │ * │
        -:   59:// ├───┼───┼───┼───┼───┤
        -:   60:// │ 2 │ * │ * │ 2 │ 1 │
        -:   61:// ├───┼───┼───┼───┼───┤
        -:   62:// │ * │ 2 │ 3 │ 2 │ 1 │
        -:   63:// ├───┼───┼───┼───┼───┤
        -:   64:// │ 2 │ 3 │ 2 │ * │ 2 │
        -:   65:// ├───┼───┼───┼───┼───┤
        -:   66:// │ * │ 1 │ 1 │ 2 │ * │
        -:   67:// └───┴───┴───┴───┴───┘
        -:   68:tablero t_perdio2 = {
        -:   69:        { cVACIA,  cVACIA,  cVACIA, cVACIA, cMINA },
        -:   70:        { cVACIA, cMINA, cMINA, cVACIA,  cVACIA },
        -:   71:        { cMINA, cVACIA,  cVACIA, cVACIA, cVACIA },
        -:   72:        { cVACIA, cVACIA, cVACIA, cMINA, cVACIA },
        -:   73:        { cMINA,  cVACIA, cVACIA,  cVACIA, cMINA },
        -:   74:};
        -:   75:jugadas jugadasNoValidas2 = {
        -:   76:        jugada(pos(0, 4), 0),jugada(pos(1, 2), 1),
        -:   77:        jugada(pos(2, 0), 1),jugada(pos(3, 3), 1),jugada(pos(4, 0), 0),
        -:   78:        jugada(pos(4, 4), 1)
        -:   79:};
        -:   80:jugadas jugadasReValidas2 = {
        -:   81:        jugada(pos(0, 0), 1),jugada(pos(1, 0), 1),
        -:   82:        jugada(pos(2, 4), 1),jugada(pos(1, 4), 1),jugada(pos(4, 1), 1),
        -:   83:        jugada(pos(3, 0), 2)
        -:   84:};
        2:   85:TEST(perdioTEST, noGano2){
        1:   86:    jugadas j = jugadasNoValidas2;
       1*:   87:    ASSERT_TRUE(perdio(t_perdio2,j));
        1:   88:}
------------------
_ZN23perdioTEST_noGano2_Test8TestBodyEv:
function _ZN23perdioTEST_noGano2_Test8TestBodyEv called 1 returned 100% blocks executed 37%
        1:   85:TEST(perdioTEST, noGano2){
        1:   86:    jugadas j = jugadasNoValidas2;
        1:   86-block  0
call    0 returned 1
branch  1 taken 1 (fallthrough)
branch  2 taken 0 (throw)
       1*:   87:    ASSERT_TRUE(perdio(t_perdio2,j));
        1:   87-block  0
call    0 returned 1
branch  1 taken 1 (fallthrough)
branch  2 taken 0 (throw)
        1:   87-block  1
call    3 returned 1
branch  4 taken 1 (fallthrough)
branch  5 taken 0 (throw)
        1:   87-block  2
call    6 returned 1
branch  7 taken 0 (fallthrough)
branch  8 taken 1
    %%%%%:   87-block  3
call    9 never executed
branch 10 never executed
branch 11 never executed
    %%%%%:   87-block  4
call   12 never executed
branch 13 never executed
branch 14 never executed
    %%%%%:   87-block  5
call   15 never executed
call   16 never executed
branch 17 never executed
branch 18 never executed
    %%%%%:   87-block  6
call   19 never executed
branch 20 never executed
branch 21 never executed
    %%%%%:   87-block  7
call   22 never executed
call   23 never executed
call   24 never executed
        1:   87-block  8
        1:   87-block  9
call   25 returned 1
branch 26 taken 1 (fallthrough)
branch 27 taken 0
    $$$$$:   87-block 10
    $$$$$:   87-block 11
call   28 never executed
    $$$$$:   87-block 12
    $$$$$:   87-block 13
call   29 never executed
    $$$$$:   87-block 14
    $$$$$:   87-block 15
call   30 never executed
    $$$$$:   87-block 16
    $$$$$:   87-block 17
call   31 never executed
        1:   88:}
        1:   88-block  0
        1:   88-block  1
call    0 returned 1
branch  1 taken 1 (fallthrough)
branch  2 taken 0
    $$$$$:   88-block  2
call    3 never executed
------------------
_ZN23perdioTEST_noGano2_TestC1Ev:
function _ZN23perdioTEST_noGano2_TestC1Ev called 1 returned 100% blocks executed 100%
        1:   85:TEST(perdioTEST, noGano2){
        1:   85-block  0
call    0 returned 1
------------------
        -:   89:
        2:   90:TEST(perdioTEST, noPerdio2){
        1:   91:    jugadas j=jugadasReValidas2;
       1*:   92:    ASSERT_FALSE(perdio(t_perdio2,j));
        1:   93:}
------------------
_ZN25perdioTEST_noPerdio2_Test8TestBodyEv:
function _ZN25perdioTEST_noPerdio2_Test8TestBodyEv called 1 returned 100% blocks executed 37%
        1:   90:TEST(perdioTEST, noPerdio2){
        1:   91:    jugadas j=jugadasReValidas2;
        1:   91-block  0
call    0 returned 1
branch  1 taken 1 (fallthrough)
branch  2 taken 0 (throw)
       1*:   92:    ASSERT_FALSE(perdio(t_perdio2,j));
        1:   92-block  0
call    0 returned 1
branch  1 taken 1 (fallthrough)
branch  2 taken 0 (throw)
        1:   92-block  1
call    3 returned 1
branch  4 taken 1 (fallthrough)
branch  5 taken 0 (throw)
        1:   92-block  2
call    6 returned 1
branch  7 taken 0 (fallthrough)
branch  8 taken 1
    %%%%%:   92-block  3
call    9 never executed
branch 10 never executed
branch 11 never executed
    %%%%%:   92-block  4
call   12 never executed
branch 13 never executed
branch 14 never executed
    %%%%%:   92-block  5
call   15 never executed
call   16 never executed
branch 17 never executed
branch 18 never executed
    %%%%%:   92-block  6
call   19 never executed
branch 20 never executed
branch 21 never executed
    %%%%%:   92-block  7
call   22 never executed
call   23 never executed
call   24 never executed
        1:   92-block  8
        1:   92-block  9
call   25 returned 1
branch 26 taken 1 (fallthrough)
branch 27 taken 0
    $$$$$:   92-block 10
    $$$$$:   92-block 11
call   28 never executed
    $$$$$:   92-block 12
    $$$$$:   92-block 13
call   29 never executed
    $$$$$:   92-block 14
    $$$$$:   92-block 15
call   30 never executed
    $$$$$:   92-block 16
    $$$$$:   92-block 17
call   31 never executed
        1:   93:}
        1:   93-block  0
        1:   93-block  1
call    0 returned 1
branch  1 taken 1 (fallthrough)
branch  2 taken 0
    $$$$$:   93-block  2
call    3 never executed
------------------
_ZN25perdioTEST_noPerdio2_TestC1Ev:
function _ZN25perdioTEST_noPerdio2_TestC1Ev called 1 returned 100% blocks executed 100%
        1:   90:TEST(perdioTEST, noPerdio2){
        1:   90-block  0
call    0 returned 1
------------------
